#
# A fatal error has been detected by the Java Runtime Environment:
#
#  EXCEPTION_ACCESS_VIOLATION (0xc0000005) at pc=0x0000000055595756, pid=11748, tid=0x0000000000003a30
#
# JRE version: Java(TM) SE Runtime Environment (8.0_201-b09) (build 1.8.0_201-b09)
# Java VM: Java HotSpot(TM) 64-Bit Server VM (25.201-b09 mixed mode windows-amd64 compressed oops)
# Problematic frame:
# V  [jvm.dll+0x4a5756]
#
# Failed to write core dump. Minidumps are not enabled by default on client versions of Windows
#
# If you would like to submit a bug report, please visit:
#   http://bugreport.java.com/bugreport/crash.jsp
#

---------------  T H R E A D  ---------------

Current thread (0x0000000016151800):  JavaThread "C2 CompilerThread1" daemon [_thread_in_native, id=14896, stack(0x00000000178b0000,0x00000000179b0000)]

siginfo: ExceptionCode=0xc0000005, reading address 0x000000000000000c

Registers:
RAX=0x0000000016151800, RBX=0x00000000179ae620, RCX=0x0000000000000007, RDX=0x0000000000002964
RSP=0x00000000179abdc0, RBP=0x00000000179ac270, RSI=0x000000001e8b1ff0, RDI=0x0000000000002964
R8 =0x000000000000000c, R9 =0x0000000055915420, R10=0x00000000550f0000, R11=0x00000000000000d9
R12=0x0000000055915420, R13=0x00000000550f0000, R14=0x00000000550f0000, R15=0x0000000000000000
RIP=0x0000000055595756, EFLAGS=0x0000000000010206

Top of Stack: (sp=0x00000000179abdc0)
0x00000000179abdc0:   0000000000001373 0000000055559f04
0x00000000179abdd0:   00000000179ac270 00000000179ac270
0x00000000179abde0:   0000000000002964 0000000055590fe4
0x00000000179abdf0:   000000001e8b1ff0 00000000179abf80
0x00000000179abe00:   00000000179ac270 00000000179abf80
0x00000000179abe10:   0000401c00000001 0000000000000001
0x00000000179abe20:   000000001f2fd560 0000000000000041
0x00000000179abe30:   000000001d7e2318 0000000000000045
0x00000000179abe40:   000000001e7ceed0 0000000019502118
0x00000000179abe50:   0000000000007532 ffffffffffffffff
0x00000000179abe60:   0000000000000001 000000005555aef4
0x00000000179abe70:   000000001ea06c10 00000000179ac270
0x00000000179abe80:   0000000000002964 000000000019dde0
0x00000000179abe90:   0000296700000000 0000000000000008
0x00000000179abea0:   000000001ee5b920 0000000000000045
0x00000000179abeb0:   000000001d7e20f0 0000000000000045 

Instructions: (pc=0x0000000055595756)
0x0000000055595736:   00 49 8b 98 88 00 00 00 4c 8b 83 f0 07 00 00 4d
0x0000000055595746:   85 c0 75 0c e8 e1 fe ff ff 4c 8b 83 f0 07 00 00
0x0000000055595756:   49 8b 00 48 8b d7 48 89 83 f0 07 00 00 48 8b 5c
0x0000000055595766:   24 30 33 c0 49 89 00 49 89 40 08 49 89 40 10 49 


Register to memory mapping:

RAX=0x0000000016151800 is a thread
RBX=0x00000000179ae620 is pointing into the stack for thread: 0x0000000016151800
RCX=0x0000000000000007 is an unknown value
RDX=0x0000000000002964 is an unknown value
RSP=0x00000000179abdc0 is pointing into the stack for thread: 0x0000000016151800
RBP=0x00000000179ac270 is pointing into the stack for thread: 0x0000000016151800
RSI=0x000000001e8b1ff0 is an unknown value
RDI=0x0000000000002964 is an unknown value
R8 =0x000000000000000c is an unknown value
R9 =0x0000000055915420 is an unknown value
R10=0x00000000550f0000 is an unknown value
R11=0x00000000000000d9 is an unknown value
R12=0x0000000055915420 is an unknown value
R13=0x00000000550f0000 is an unknown value
R14=0x00000000550f0000 is an unknown value
R15=0x0000000000000000 is an unknown value


Stack: [0x00000000178b0000,0x00000000179b0000],  sp=0x00000000179abdc0,  free space=1007k
Native frames: (J=compiled Java code, j=interpreted, Vv=VM code, C=native code)
V  [jvm.dll+0x4a5756]
V  [jvm.dll+0x4a0fe4]
V  [jvm.dll+0x46aef4]
V  [jvm.dll+0x46cba3]
V  [jvm.dll+0x477e7b]
V  [jvm.dll+0x47a787]
V  [jvm.dll+0x45cfa2]
V  [jvm.dll+0xa6b42]
V  [jvm.dll+0xa748f]
V  [jvm.dll+0x24656f]
V  [jvm.dll+0x29fb6a]
C  [msvcr100.dll+0x21db7]
C  [msvcr100.dll+0x21e53]
C  [KERNEL32.DLL+0x17974]
C  [ntdll.dll+0x6a271]


Current CompileTask:
C2: 113340 1424       4       java.net.URLClassLoader$1::run (5 bytes)


---------------  P R O C E S S  ---------------

Java Threads: ( => current thread )
  0x000000001852c800 JavaThread "Cache worker for file hash cache (C:\Users\Lorenzo Venchi\AndroidStudioProjects\MySharedBooking\.gradle\5.4.1\fileHashes)" [_thread_blocked, id=16160, stack(0x000000001d2c0000,0x000000001d3c0000)]
  0x0000000018527800 JavaThread "Cache worker for journal cache (C:\Users\Lorenzo Venchi\.gradle\caches\journal-1)" [_thread_blocked, id=11300, stack(0x000000001ad20000,0x000000001ae20000)]
  0x000000001852d800 JavaThread "File lock request listener" [_thread_in_native, id=3288, stack(0x000000001ac20000,0x000000001ad20000)]
  0x0000000018526800 JavaThread "Cache worker for file hash cache (C:\Users\Lorenzo Venchi\.gradle\caches\5.4.1\fileHashes)" [_thread_blocked, id=24236, stack(0x000000001ab20000,0x000000001ac20000)]
  0x0000000017a98000 JavaThread "Thread-9" [_thread_blocked, id=18556, stack(0x000000001aa20000,0x000000001ab20000)]
  0x0000000017a97000 JavaThread "Stdin handler" [_thread_blocked, id=3676, stack(0x000000001a920000,0x000000001aa20000)]
  0x0000000017b48800 JavaThread "Asynchronous log dispatcher for DefaultDaemonConnection: socket connection from /127.0.0.1:59900 to /127.0.0.1:59901" [_thread_blocked, id=14868, stack(0x000000001a820000,0x000000001a920000)]
  0x00000000184a4800 JavaThread "Daemon worker" [_thread_in_native, id=13096, stack(0x000000001a720000,0x000000001a820000)]
  0x0000000018563800 JavaThread "Cancel handler" [_thread_blocked, id=25604, stack(0x000000001a620000,0x000000001a720000)]
  0x00000000183f8000 JavaThread "Handler for socket connection from /127.0.0.1:59900 to /127.0.0.1:59901" [_thread_in_native, id=10976, stack(0x000000001a320000,0x000000001a420000)]
  0x0000000017c57000 JavaThread "Daemon" [_thread_blocked, id=10732, stack(0x000000001a220000,0x000000001a320000)]
  0x0000000018bfd800 JavaThread "Daemon periodic checks" [_thread_blocked, id=10484, stack(0x000000001a120000,0x000000001a220000)]
  0x0000000017a54000 JavaThread "Incoming local TCP Connector on port 59900" [_thread_in_native, id=2476, stack(0x0000000019ec0000,0x0000000019fc0000)]
  0x000000001900b800 JavaThread "Daemon health stats" [_thread_blocked, id=8076, stack(0x0000000019880000,0x0000000019980000)]
  0x000000001615e000 JavaThread "Service Thread" daemon [_thread_blocked, id=20128, stack(0x0000000017eb0000,0x0000000017fb0000)]
  0x00000000179b8800 JavaThread "C1 CompilerThread2" daemon [_thread_blocked, id=4848, stack(0x0000000017db0000,0x0000000017eb0000)]
=>0x0000000016151800 JavaThread "C2 CompilerThread1" daemon [_thread_in_native, id=14896, stack(0x00000000178b0000,0x00000000179b0000)]
  0x0000000016105800 JavaThread "C2 CompilerThread0" daemon [_thread_in_native, id=15936, stack(0x00000000177b0000,0x00000000178b0000)]
  0x0000000016103800 JavaThread "Attach Listener" daemon [_thread_blocked, id=22420, stack(0x00000000176b0000,0x00000000177b0000)]
  0x000000000278e800 JavaThread "Signal Dispatcher" daemon [_thread_blocked, id=2828, stack(0x00000000175b0000,0x00000000176b0000)]
  0x0000000002787800 JavaThread "Finalizer" daemon [_thread_blocked, id=1016, stack(0x0000000017390000,0x0000000017490000)]
  0x0000000002782000 JavaThread "Reference Handler" daemon [_thread_blocked, id=9940, stack(0x0000000017290000,0x0000000017390000)]
  0x0000000002692800 JavaThread "main" [_thread_blocked, id=19460, stack(0x0000000002540000,0x0000000002640000)]

Other Threads:
  0x00000000160c8000 VMThread [stack: 0x0000000017190000,0x0000000017290000] [id=25768]
  0x00000000179dc000 WatcherThread [stack: 0x0000000017fb0000,0x00000000180b0000] [id=6304]

VM state:not at safepoint (normal execution)

VM Mutex/Monitor currently owned by a thread: None

heap address: 0x00000000a0000000, size: 1536 MB, Compressed Oops mode: 32-bit
Narrow klass base: 0x0000000000000000, Narrow klass shift: 3
Compressed class space size: 1073741824 Address: 0x0000000100000000

Heap:
 PSYoungGen      total 38400K, used 27570K [0x00000000e0000000, 0x00000000e2a80000, 0x0000000100000000)
  eden space 33280K, 67% used [0x00000000e0000000,0x00000000e15f0bd8,0x00000000e2080000)
  from space 5120K, 99% used [0x00000000e2580000,0x00000000e2a7c010,0x00000000e2a80000)
  to   space 5120K, 0% used [0x00000000e2080000,0x00000000e2080000,0x00000000e2580000)
 ParOldGen       total 87552K, used 4862K [0x00000000a0000000, 0x00000000a5580000, 0x00000000e0000000)
  object space 87552K, 5% used [0x00000000a0000000,0x00000000a04bf990,0x00000000a5580000)
 Metaspace       used 17891K, capacity 18376K, committed 18560K, reserved 1064960K
  class space    used 2660K, capacity 2836K, committed 2944K, reserved 1048576K

Card table byte_map: [0x0000000011b50000,0x0000000011e60000] byte_map_base: 0x0000000011650000

Marking Bits: (ParMarkBitMap*) 0x0000000055914ce0
 Begin Bits: [0x0000000012460000, 0x0000000013c60000)
 End Bits:   [0x0000000013c60000, 0x0000000015460000)

Polling page: 0x0000000000d30000

CodeCache: size=245760Kb used=4701Kb max_used=4701Kb free=241058Kb
 bounds [0x0000000002790000, 0x0000000002c30000, 0x0000000011790000]
 total_blobs=1835 nmethods=1427 adapters=320
 compilation: enabled

Compilation events (10 events):
Event: 112.242 Thread 0x00000000179b8800 1576       3       java.util.concurrent.locks.ReentrantLock$NonfairSync::lock (25 bytes)
Event: 112.242 Thread 0x00000000179b8800 nmethod 1576 0x0000000002c262d0 code [0x0000000002c264a0, 0x0000000002c26cf8]
Event: 112.767 Thread 0x00000000179b8800 1579       3       java.util.concurrent.locks.LockSupport::parkNanos (29 bytes)
Event: 112.767 Thread 0x00000000179b8800 nmethod 1579 0x0000000002c272d0 code [0x0000000002c27440, 0x0000000002c277c8]
Event: 112.778 Thread 0x00000000179b8800 1580       3       java.util.concurrent.locks.AbstractQueuedSynchronizer$ConditionObject::checkInterruptWhileWaiting (27 bytes)
Event: 112.778 Thread 0x00000000179b8800 nmethod 1580 0x0000000002c278d0 code [0x0000000002c27aa0, 0x0000000002c280f8]
Event: 112.920 Thread 0x00000000179b8800 1581       3       java.util.concurrent.locks.ReentrantLock::lockInterruptibly (9 bytes)
Event: 112.921 Thread 0x00000000179b8800 nmethod 1581 0x0000000002c28350 code [0x0000000002c28500, 0x0000000002c28a18]
Event: 112.921 Thread 0x00000000179b8800 1582       3       java.util.concurrent.locks.AbstractQueuedSynchronizer::acquireInterruptibly (28 bytes)
Event: 112.921 Thread 0x00000000179b8800 nmethod 1582 0x0000000002c28c50 code [0x0000000002c28e00, 0x0000000002c29238]

GC Heap History (8 events):
Event: 27.862 GC heap before
{Heap before GC invocations=1 (full 0):
 PSYoungGen      total 38400K, used 33280K [0x00000000e0000000, 0x00000000e2a80000, 0x0000000100000000)
  eden space 33280K, 100% used [0x00000000e0000000,0x00000000e2080000,0x00000000e2080000)
  from space 5120K, 0% used [0x00000000e2580000,0x00000000e2580000,0x00000000e2a80000)
  to   space 5120K, 0% used [0x00000000e2080000,0x00000000e2080000,0x00000000e2580000)
 ParOldGen       total 87552K, used 0K [0x00000000a0000000, 0x00000000a5580000, 0x00000000e0000000)
  object space 87552K, 0% used [0x00000000a0000000,0x00000000a0000000,0x00000000a5580000)
 Metaspace       used 7030K, capacity 7292K, committed 7424K, reserved 1056768K
  class space    used 881K, capacity 944K, committed 1024K, reserved 1048576K
Event: 27.896 GC heap after
Heap after GC invocations=1 (full 0):
 PSYoungGen      total 38400K, used 4323K [0x00000000e0000000, 0x00000000e2a80000, 0x0000000100000000)
  eden space 33280K, 0% used [0x00000000e0000000,0x00000000e0000000,0x00000000e2080000)
  from space 5120K, 84% used [0x00000000e2080000,0x00000000e24b8c48,0x00000000e2580000)
  to   space 5120K, 0% used [0x00000000e2580000,0x00000000e2580000,0x00000000e2a80000)
 ParOldGen       total 87552K, used 8K [0x00000000a0000000, 0x00000000a5580000, 0x00000000e0000000)
  object space 87552K, 0% used [0x00000000a0000000,0x00000000a0002000,0x00000000a5580000)
 Metaspace       used 7030K, capacity 7292K, committed 7424K, reserved 1056768K
  class space    used 881K, capacity 944K, committed 1024K, reserved 1048576K
}
Event: 56.896 GC heap before
{Heap before GC invocations=2 (full 0):
 PSYoungGen      total 38400K, used 37603K [0x00000000e0000000, 0x00000000e2a80000, 0x0000000100000000)
  eden space 33280K, 100% used [0x00000000e0000000,0x00000000e2080000,0x00000000e2080000)
  from space 5120K, 84% used [0x00000000e2080000,0x00000000e24b8c48,0x00000000e2580000)
  to   space 5120K, 0% used [0x00000000e2580000,0x00000000e2580000,0x00000000e2a80000)
 ParOldGen       total 87552K, used 8K [0x00000000a0000000, 0x00000000a5580000, 0x00000000e0000000)
  object space 87552K, 0% used [0x00000000a0000000,0x00000000a0002000,0x00000000a5580000)
 Metaspace       used 8444K, capacity 8694K, committed 8960K, reserved 1056768K
  class space    used 1108K, capacity 1177K, committed 1280K, reserved 1048576K
Event: 56.902 GC heap after
Heap after GC invocations=2 (full 0):
 PSYoungGen      total 38400K, used 4269K [0x00000000e0000000, 0x00000000e2a80000, 0x0000000100000000)
  eden space 33280K, 0% used [0x00000000e0000000,0x00000000e0000000,0x00000000e2080000)
  from space 5120K, 83% used [0x00000000e2580000,0x00000000e29ab7c0,0x00000000e2a80000)
  to   space 5120K, 0% used [0x00000000e2080000,0x00000000e2080000,0x00000000e2580000)
 ParOldGen       total 87552K, used 24K [0x00000000a0000000, 0x00000000a5580000, 0x00000000e0000000)
  object space 87552K, 0% used [0x00000000a0000000,0x00000000a0006000,0x00000000a5580000)
 Metaspace       used 8444K, capacity 8694K, committed 8960K, reserved 1056768K
  class space    used 1108K, capacity 1177K, committed 1280K, reserved 1048576K
}
Event: 59.016 GC heap before
{Heap before GC invocations=3 (full 0):
 PSYoungGen      total 38400K, used 37549K [0x00000000e0000000, 0x00000000e2a80000, 0x0000000100000000)
  eden space 33280K, 100% used [0x00000000e0000000,0x00000000e2080000,0x00000000e2080000)
  from space 5120K, 83% used [0x00000000e2580000,0x00000000e29ab7c0,0x00000000e2a80000)
  to   space 5120K, 0% used [0x00000000e2080000,0x00000000e2080000,0x00000000e2580000)
 ParOldGen       total 87552K, used 24K [0x00000000a0000000, 0x00000000a5580000, 0x00000000e0000000)
  object space 87552K, 0% used [0x00000000a0000000,0x00000000a0006000,0x00000000a5580000)
 Metaspace       used 13141K, capacity 13546K, committed 13824K, reserved 1060864K
  class space    used 1851K, capacity 1989K, committed 2048K, reserved 1048576K
Event: 59.023 GC heap after
Heap after GC invocations=3 (full 0):
 PSYoungGen      total 38400K, used 5115K [0x00000000e0000000, 0x00000000e2a80000, 0x0000000100000000)
  eden space 33280K, 0% used [0x00000000e0000000,0x00000000e0000000,0x00000000e2080000)
  from space 5120K, 99% used [0x00000000e2080000,0x00000000e257ee98,0x00000000e2580000)
  to   space 5120K, 0% used [0x00000000e2580000,0x00000000e2580000,0x00000000e2a80000)
 ParOldGen       total 87552K, used 1795K [0x00000000a0000000, 0x00000000a5580000, 0x00000000e0000000)
  object space 87552K, 2% used [0x00000000a0000000,0x00000000a01c0ee8,0x00000000a5580000)
 Metaspace       used 13141K, capacity 13546K, committed 13824K, reserved 1060864K
  class space    used 1851K, capacity 1989K, committed 2048K, reserved 1048576K
}
Event: 59.450 GC heap before
{Heap before GC invocations=4 (full 0):
 PSYoungGen      total 38400K, used 38395K [0x00000000e0000000, 0x00000000e2a80000, 0x0000000100000000)
  eden space 33280K, 100% used [0x00000000e0000000,0x00000000e2080000,0x00000000e2080000)
  from space 5120K, 99% used [0x00000000e2080000,0x00000000e257ee98,0x00000000e2580000)
  to   space 5120K, 0% used [0x00000000e2580000,0x00000000e2580000,0x00000000e2a80000)
 ParOldGen       total 87552K, used 1795K [0x00000000a0000000, 0x00000000a5580000, 0x00000000e0000000)
  object space 87552K, 2% used [0x00000000a0000000,0x00000000a01c0ee8,0x00000000a5580000)
 Metaspace       used 15844K, capacity 16256K, committed 16640K, reserved 1062912K
  class space    used 2317K, capacity 2450K, committed 2560K, reserved 1048576K
Event: 59.459 GC heap after
Heap after GC invocations=4 (full 0):
 PSYoungGen      total 38400K, used 5104K [0x00000000e0000000, 0x00000000e2a80000, 0x0000000100000000)
  eden space 33280K, 0% used [0x00000000e0000000,0x00000000e0000000,0x00000000e2080000)
  from space 5120K, 99% used [0x00000000e2580000,0x00000000e2a7c010,0x00000000e2a80000)
  to   space 5120K, 0% used [0x00000000e2080000,0x00000000e2080000,0x00000000e2580000)
 ParOldGen       total 87552K, used 4862K [0x00000000a0000000, 0x00000000a5580000, 0x00000000e0000000)
  object space 87552K, 5% used [0x00000000a0000000,0x00000000a04bf990,0x00000000a5580000)
 Metaspace       used 15844K, capacity 16256K, committed 16640K, reserved 1062912K
  class space    used 2317K, capacity 2450K, committed 2560K, reserved 1048576K
}

Deoptimization events (10 events):
Event: 58.774 Thread 0x00000000184a4800 Uncommon trap: reason=bimorphic action=maybe_recompile pc=0x0000000002a39a38 method=java.util.HashMap.putVal(ILjava/lang/Object;Ljava/lang/Object;ZZ)Ljava/lang/Object; @ 253
Event: 58.774 Thread 0x00000000184a4800 Uncommon trap: reason=bimorphic action=maybe_recompile pc=0x0000000002a39a38 method=java.util.HashMap.putVal(ILjava/lang/Object;Ljava/lang/Object;ZZ)Ljava/lang/Object; @ 253
Event: 58.774 Thread 0x00000000184a4800 Uncommon trap: reason=bimorphic action=maybe_recompile pc=0x0000000002a39a38 method=java.util.HashMap.putVal(ILjava/lang/Object;Ljava/lang/Object;ZZ)Ljava/lang/Object; @ 253
Event: 58.774 Thread 0x00000000184a4800 Uncommon trap: reason=bimorphic action=maybe_recompile pc=0x0000000002a39a38 method=java.util.HashMap.putVal(ILjava/lang/Object;Ljava/lang/Object;ZZ)Ljava/lang/Object; @ 253
Event: 59.052 Thread 0x00000000184a4800 Uncommon trap: reason=class_check action=maybe_recompile pc=0x0000000002a8a118 method=java.util.regex.Matcher.match(II)Z @ 86
Event: 59.064 Thread 0x00000000184a4800 Uncommon trap: reason=class_check action=maybe_recompile pc=0x0000000002a8a118 method=java.util.regex.Matcher.match(II)Z @ 86
Event: 59.064 Thread 0x00000000184a4800 Uncommon trap: reason=class_check action=maybe_recompile pc=0x0000000002a8a118 method=java.util.regex.Matcher.match(II)Z @ 86
Event: 59.064 Thread 0x00000000184a4800 Uncommon trap: reason=class_check action=maybe_recompile pc=0x0000000002a4f89c method=java.util.regex.Matcher.match(II)Z @ 86
Event: 59.341 Thread 0x00000000184a4800 Uncommon trap: reason=unstable_if action=reinterpret pc=0x0000000002b53434 method=java.lang.String.lastIndexOf([CII[CIII)I @ 66
Event: 59.808 Thread 0x00000000184a4800 Uncommon trap: reason=unstable_if action=reinterpret pc=0x0000000002a84858 method=java.io.File.getName()Ljava/lang/String; @ 16

Classes redefined (0 events):
No events

Internal exceptions (10 events):
Event: 56.965 Thread 0x0000000002692800 Exception <a 'java/lang/NoSuchFieldError': method resolution failed> (0x00000000e02a10c8) thrown at [C:\re\workspace\8-2-build-windows-amd64-cygwin\jdk8u201\12322\hotspot\src\share\vm\prims\methodHandles.cpp, line 1167]
Event: 56.967 Thread 0x0000000002692800 Exception <a 'java/lang/NoSuchFieldError': method resolution failed> (0x00000000e02aeea8) thrown at [C:\re\workspace\8-2-build-windows-amd64-cygwin\jdk8u201\12322\hotspot\src\share\vm\prims\methodHandles.cpp, line 1167]
Event: 58.622 Thread 0x0000000002692800 Exception <a 'java/io/IOException'> (0x00000000e0a50030) thrown at [C:\re\workspace\8-2-build-windows-amd64-cygwin\jdk8u201\12322\hotspot\src\share\vm\prims\jni.cpp, line 709]
Event: 58.701 Thread 0x00000000183f8000 Exception <a 'java/lang/NoSuchMethodError': <clinit>> (0x00000000e0c83c40) thrown at [C:\re\workspace\8-2-build-windows-amd64-cygwin\jdk8u201\12322\hotspot\src\share\vm\prims\jni.cpp, line 1613]
Event: 58.703 Thread 0x00000000183f8000 Exception <a 'java/lang/NoSuchMethodError': <clinit>> (0x00000000e0c8d9f0) thrown at [C:\re\workspace\8-2-build-windows-amd64-cygwin\jdk8u201\12322\hotspot\src\share\vm\prims\jni.cpp, line 1613]
Event: 58.705 Thread 0x00000000183f8000 Exception <a 'java/lang/NoSuchMethodError': <clinit>> (0x00000000e0ca1c98) thrown at [C:\re\workspace\8-2-build-windows-amd64-cygwin\jdk8u201\12322\hotspot\src\share\vm\prims\jni.cpp, line 1613]
Event: 58.716 Thread 0x00000000183f8000 Exception <a 'java/lang/NoSuchMethodError': <clinit>> (0x00000000e0cfcf60) thrown at [C:\re\workspace\8-2-build-windows-amd64-cygwin\jdk8u201\12322\hotspot\src\share\vm\prims\jni.cpp, line 1613]
Event: 58.725 Thread 0x00000000183f8000 Exception <a 'java/lang/NoSuchMethodError': <clinit>> (0x00000000e0d34b40) thrown at [C:\re\workspace\8-2-build-windows-amd64-cygwin\jdk8u201\12322\hotspot\src\share\vm\prims\jni.cpp, line 1613]
Event: 58.732 Thread 0x00000000183f8000 Exception <a 'java/lang/NoSuchMethodError': <clinit>> (0x00000000e0d6ae38) thrown at [C:\re\workspace\8-2-build-windows-amd64-cygwin\jdk8u201\12322\hotspot\src\share\vm\prims\jni.cpp, line 1613]
Event: 58.734 Thread 0x00000000183f8000 Exception <a 'java/lang/NoSuchMethodError': <clinit>> (0x00000000e0d768b0) thrown at [C:\re\workspace\8-2-build-windows-amd64-cygwin\jdk8u201\12322\hotspot\src\share\vm\prims\jni.cpp, line 1613]

Events (10 events):
Event: 59.827 loading class org/gradle/api/internal/tasks/RealizeTaskBuildOperationType$Details
Event: 59.827 loading class org/gradle/api/internal/tasks/RealizeTaskBuildOperationType$Details done
Event: 113.284 loading class org/gradle/api/internal/tasks/RegisterTaskBuildOperationType$Details
Event: 113.284 loading class org/gradle/api/internal/tasks/RegisterTaskBuildOperationType$Details done
Event: 113.284 loading class org/gradle/tooling/internal/provider/events/DefaultOperationStartedProgressEvent
Event: 113.284 loading class org/gradle/tooling/internal/provider/events/DefaultOperationStartedProgressEvent done
Event: 113.285 loading class org/gradle/tooling/internal/provider/events/AbstractProgressEvent
Event: 113.285 loading class org/gradle/tooling/internal/provider/events/AbstractProgressEvent done
Event: 113.288 loading class org/gradle/internal/operations/notify/BuildOperationNotificationBridge$Started
Event: 113.288 loading class org/gradle/internal/operations/notify/BuildOperationNotificationBridge$Started done


Dynamic libraries:
0x00007ff615a70000 - 0x00007ff615aa7000 	C:\Program Files\Java\jdk1.8.0_201\bin\java.exe
0x00007ffd56e70000 - 0x00007ffd5705d000 	C:\WINDOWS\SYSTEM32\ntdll.dll
0x00007ffd54090000 - 0x00007ffd54143000 	C:\WINDOWS\System32\KERNEL32.DLL
0x00007ffd52f30000 - 0x00007ffd531c3000 	C:\WINDOWS\System32\KERNELBASE.dll
0x00007ffd56a60000 - 0x00007ffd56b03000 	C:\WINDOWS\System32\ADVAPI32.dll
0x00007ffd56460000 - 0x00007ffd564fe000 	C:\WINDOWS\System32\msvcrt.dll
0x00007ffd56cf0000 - 0x00007ffd56d8e000 	C:\WINDOWS\System32\sechost.dll
0x00007ffd56330000 - 0x00007ffd56452000 	C:\WINDOWS\System32\RPCRT4.dll
0x00007ffd566e0000 - 0x00007ffd56877000 	C:\WINDOWS\System32\USER32.dll
0x00007ffd53a80000 - 0x00007ffd53aa0000 	C:\WINDOWS\System32\win32u.dll
0x00007ffd54340000 - 0x00007ffd54369000 	C:\WINDOWS\System32\GDI32.dll
0x00007ffd53df0000 - 0x00007ffd53f89000 	C:\WINDOWS\System32\gdi32full.dll
0x00007ffd53ad0000 - 0x00007ffd53b70000 	C:\WINDOWS\System32\msvcp_win.dll
0x00007ffd53f90000 - 0x00007ffd5408a000 	C:\WINDOWS\System32\ucrtbase.dll
0x00007ffd47ac0000 - 0x00007ffd47d39000 	C:\WINDOWS\WinSxS\amd64_microsoft.windows.common-controls_6595b64144ccf1df_6.0.17763.802_none_05b1445c0722d2cc\COMCTL32.dll
0x00007ffd55ec0000 - 0x00007ffd561ec000 	C:\WINDOWS\System32\combase.dll
0x00007ffd53d70000 - 0x00007ffd53dee000 	C:\WINDOWS\System32\bcryptPrimitives.dll
0x00007ffd54150000 - 0x00007ffd5417e000 	C:\WINDOWS\System32\IMM32.DLL
0x00000000559a0000 - 0x0000000055a71000 	C:\Program Files\Java\jdk1.8.0_201\jre\bin\msvcr100.dll
0x00000000550f0000 - 0x0000000055994000 	C:\Program Files\Java\jdk1.8.0_201\jre\bin\server\jvm.dll
0x00007ffd54330000 - 0x00007ffd54338000 	C:\WINDOWS\System32\PSAPI.DLL
0x00007ffd3d980000 - 0x00007ffd3d989000 	C:\WINDOWS\SYSTEM32\WSOCK32.dll
0x00007ffd56920000 - 0x00007ffd5698d000 	C:\WINDOWS\System32\WS2_32.dll
0x00007ffd49900000 - 0x00007ffd49924000 	C:\WINDOWS\SYSTEM32\WINMM.dll
0x00007ffd4dc10000 - 0x00007ffd4dc1a000 	C:\WINDOWS\SYSTEM32\VERSION.dll
0x00007ffd498d0000 - 0x00007ffd498fd000 	C:\WINDOWS\SYSTEM32\WINMMBASE.dll
0x00007ffd539d0000 - 0x00007ffd53a1a000 	C:\WINDOWS\System32\cfgmgr32.dll
0x00007ffd4e680000 - 0x00007ffd4e68f000 	C:\Program Files\Java\jdk1.8.0_201\jre\bin\verify.dll
0x00007ffd43b50000 - 0x00007ffd43b79000 	C:\Program Files\Java\jdk1.8.0_201\jre\bin\java.dll
0x00007ffd48dc0000 - 0x00007ffd48dd6000 	C:\Program Files\Java\jdk1.8.0_201\jre\bin\zip.dll
0x00007ffd54370000 - 0x00007ffd55864000 	C:\WINDOWS\System32\SHELL32.dll
0x00007ffd56c40000 - 0x00007ffd56ce8000 	C:\WINDOWS\System32\shcore.dll
0x00007ffd531d0000 - 0x00007ffd5391d000 	C:\WINDOWS\System32\windows.storage.dll
0x00007ffd52f00000 - 0x00007ffd52f24000 	C:\WINDOWS\System32\profapi.dll
0x00007ffd52e60000 - 0x00007ffd52ebd000 	C:\WINDOWS\System32\powrprof.dll
0x00007ffd55870000 - 0x00007ffd558c2000 	C:\WINDOWS\System32\shlwapi.dll
0x00007ffd52ee0000 - 0x00007ffd52ef1000 	C:\WINDOWS\System32\kernel.appcore.dll
0x00007ffd53b70000 - 0x00007ffd53b87000 	C:\WINDOWS\System32\cryptsp.dll
0x00007ffd45200000 - 0x00007ffd4521a000 	C:\Program Files\Java\jdk1.8.0_201\jre\bin\net.dll
0x00007ffd3f2d0000 - 0x00007ffd3f4a7000 	C:\WINDOWS\SYSTEM32\urlmon.dll
0x00007ffd42e00000 - 0x00007ffd430a8000 	C:\WINDOWS\SYSTEM32\iertutil.dll
0x00007ffd52800000 - 0x00007ffd5280c000 	C:\WINDOWS\SYSTEM32\CRYPTBASE.DLL
0x00007ffd52680000 - 0x00007ffd526e7000 	C:\WINDOWS\system32\mswsock.dll
0x00007ffd37330000 - 0x00007ffd37341000 	C:\Program Files\Java\jdk1.8.0_201\jre\bin\nio.dll
0x00007ffd48de0000 - 0x00007ffd48e06000 	C:\Users\Lorenzo Venchi\.gradle\native\29\windows-amd64\native-platform.dll
0x00007ffd3de70000 - 0x00007ffd3de7d000 	C:\Program Files\Java\jdk1.8.0_201\jre\bin\management.dll
0x00007ffd52210000 - 0x00007ffd52243000 	C:\WINDOWS\system32\rsaenh.dll
0x00007ffd53aa0000 - 0x00007ffd53ac6000 	C:\WINDOWS\System32\bcrypt.dll
0x00007ffd52d90000 - 0x00007ffd52db8000 	C:\WINDOWS\SYSTEM32\USERENV.dll
0x00007ffd523b0000 - 0x00007ffd523ed000 	C:\WINDOWS\SYSTEM32\IPHLPAPI.DLL
0x00007ffd566d0000 - 0x00007ffd566d8000 	C:\WINDOWS\System32\NSI.dll
0x00007ffd4c220000 - 0x00007ffd4c236000 	C:\WINDOWS\SYSTEM32\dhcpcsvc6.DLL
0x00007ffd4c360000 - 0x00007ffd4c37c000 	C:\WINDOWS\SYSTEM32\dhcpcsvc.DLL
0x00007ffd523f0000 - 0x00007ffd524b6000 	C:\WINDOWS\SYSTEM32\DNSAPI.dll
0x00007ffd517a0000 - 0x00007ffd5198d000 	C:\WINDOWS\SYSTEM32\dbghelp.dll

VM Arguments:
jvm_args: -Xmx1536m -Dfile.encoding=windows-1252 -Duser.country=IT -Duser.language=it -Duser.variant 
java_command: org.gradle.launcher.daemon.bootstrap.GradleDaemon 5.4.1
java_class_path (initial): C:\Users\Lorenzo Venchi\.gradle\wrapper\dists\gradle-5.4.1-all\3221gyojl5jsh0helicew7rwx\gradle-5.4.1\lib\gradle-launcher-5.4.1.jar
Launcher Type: SUN_STANDARD

Environment Variables:
JAVA_HOME=C:\Program Files\Java\jdk1.8.0_201
PATH=C:\Program Files (x86)\Common Files\Oracle\Java\javapath;C:\ProgramData\Oracle\Java\javapath;C:\WINDOWS\system32;C:\WINDOWS;C:\WINDOWS\System32\Wbem;C:\WINDOWS\System32\WindowsPowerShell\v1.0\;C:\Program Files (x86)\Windows Kits\10\Windows Performance Toolkit\;C:\Program Files\Git\cmd;C:\WINDOWS\System32\OpenSSH\;C:\Program Files\dotnet\;C:\Program Files\nodejs\;C:\Users\Lorenzo Venchi\apache-maven-3.6.0-bin;C:\Program Files\Microsoft SQL Server\130\Tools\Binn\;C:\Program Files\Microsoft SQL Server\Client SDK\ODBC\170\Tools\Binn\;C:\Program Files (x86)\Intel\Intel(R) Management Engine Components\DAL;C:\Program Files\Intel\Intel(R) Management Engine Components\DAL;C:\Program Files\Intel\WiFi\bin\;C:\Program Files\Common Files\Intel\WirelessCommon\;C:\Users\Lorenzo Venchi\AppData\Local\Programs\Python\Python37-32\Scripts\;C:\Users\Lorenzo Venchi\AppData\Local\Programs\Python\Python37-32\;C:\Users\Lorenzo Venchi\scoop\shims;C:\Users\Lorenzo Venchi\AppData\Local\Microsoft\WindowsApps;C:\Program Files\Microsoft VS Code\bin;C:\Users\Lorenzo Venchi\AppData\Local\Programs\Microsoft VS Code\bin;C:\Users\Lorenzo Venchi\AppData\Roaming\npm;C:\Users\Lorenzo Venchi\apache-maven-3.6.0-bin\bin;C:\Users\Lorenzo Venchi\.dotnet\tools
USERNAME=Lorenzo Venchi
OS=Windows_NT
PROCESSOR_IDENTIFIER=Intel64 Family 6 Model 142 Stepping 9, GenuineIntel



---------------  S Y S T E M  ---------------

OS: Windows 10.0 , 64 bit Build 17763 (10.0.17763.475)

CPU:total 4 (initial active 4) (2 cores per cpu, 2 threads per core) family 6 model 142 stepping 9, cmov, cx8, fxsr, mmx, sse, sse2, sse3, ssse3, sse4.1, sse4.2, popcnt, avx, avx2, aes, clmul, erms, 3dnowpref, lzcnt, ht, tsc, tscinvbit, bmi1, bmi2, adx

Memory: 4k page, physical 8283776k(2533756k free), swap 12439332k(5044244k free)

vm_info: Java HotSpot(TM) 64-Bit Server VM (25.201-b09) for windows-amd64 JRE (1.8.0_201-b09), built on Dec 15 2018 18:36:39 by "java_re" with MS VC++ 10.0 (VS2010)

time: Sun Oct 20 15:09:23 2019
timezone: ora legale Europa occidentale
elapsed time: 113 seconds (0d 0h 1m 53s)

